[2014-09-11 22:36:23] production.ERROR: exception 'InvalidArgumentException' with message 'Command "route" is not defined.

Did you mean one of these?
    route:cache
    route:clear
    route:list' in D:\xampp\htdocs\github\encuesta_umayor\vendor\symfony\console\Symfony\Component\Console\Application.php:566
Stack trace:
#0 D:\xampp\htdocs\github\encuesta_umayor\vendor\symfony\console\Symfony\Component\Console\Command\HelpCommand.php(76): Symfony\Component\Console\Application->find('route')
#1 D:\xampp\htdocs\github\encuesta_umayor\vendor\symfony\console\Symfony\Component\Console\Command\Command.php(252): Symfony\Component\Console\Command\HelpCommand->execute(Object(Symfony\Component\Console\Input\ArgvInput), Object(Symfony\Component\Console\Output\ConsoleOutput))
#2 D:\xampp\htdocs\github\encuesta_umayor\vendor\symfony\console\Symfony\Component\Console\Application.php(891): Symfony\Component\Console\Command\Command->run(Object(Symfony\Component\Console\Input\ArgvInput), Object(Symfony\Component\Console\Output\ConsoleOutput))
#3 D:\xampp\htdocs\github\encuesta_umayor\vendor\symfony\console\Symfony\Component\Console\Application.php(195): Symfony\Component\Console\Application->doRunCommand(Object(Symfony\Component\Console\Command\HelpCommand), Object(Symfony\Component\Console\Input\ArgvInput), Object(Symfony\Component\Console\Output\ConsoleOutput))
#4 D:\xampp\htdocs\github\encuesta_umayor\vendor\symfony\console\Symfony\Component\Console\Application.php(126): Symfony\Component\Console\Application->doRun(Object(Symfony\Component\Console\Input\ArgvInput), Object(Symfony\Component\Console\Output\ConsoleOutput))
#5 D:\xampp\htdocs\github\encuesta_umayor\artisan(59): Symfony\Component\Console\Application->run()
#6 {main} [] []
[2014-09-11 22:36:42] production.ERROR: exception 'InvalidArgumentException' with message 'Command "route" is not defined.

Did you mean one of these?
    route:cache
    route:clear
    route:list' in D:\xampp\htdocs\github\encuesta_umayor\vendor\symfony\console\Symfony\Component\Console\Application.php:566
Stack trace:
#0 D:\xampp\htdocs\github\encuesta_umayor\vendor\symfony\console\Symfony\Component\Console\Application.php(192): Symfony\Component\Console\Application->find('route')
#1 D:\xampp\htdocs\github\encuesta_umayor\vendor\symfony\console\Symfony\Component\Console\Application.php(126): Symfony\Component\Console\Application->doRun(Object(Symfony\Component\Console\Input\ArgvInput), Object(Symfony\Component\Console\Output\ConsoleOutput))
#2 D:\xampp\htdocs\github\encuesta_umayor\artisan(59): Symfony\Component\Console\Application->run()
#3 {main} [] []
